<?xml version="1.0" encoding="UTF-8"?>
<!-- Generated by org.testng.reporters.JUnitReportReporter -->
<testsuite skipped="0" hostname="DESKTOP-RQ0I3KE" name="com.qa.hubspot.tests.LoginPageTests" tests="2" failures="0" timestamp="07 Jan 2020 03:08:09 GMT" time="28.563" errors="0">
  <testcase name="verifySignUpLnkIsPresent" time="15.364" classname="com.qa.hubspot.tests.LoginPageTests"/>
  <testcase name="verifyLoginPageTitle" time="13.199" classname="com.qa.hubspot.tests.LoginPageTests"/>
</testsuite> <!-- com.qa.hubspot.tests.LoginPageTests -->
